------------------------------------------------------------------------------------------------------------------------

[2023-05-10 08:31:04 #1 store] 
Database 'C:\Users\garci\OneDrive\Documentos\IdeaProjects\objectdb\objectdb\db\BBDD.odb' is opened by 7040@JMGN

[2023-05-10 08:31:04 #2 store] 
Configuration path: C:\Users\garci\OneDrive\Documentos\IdeaProjects\objectdb_v2.8.8\objectdb.conf

[2023-05-10 08:31:04 #3 type] 
Type org.example.Vehiculo is not enhanced.

[2023-05-10 08:31:04 #4 type] 
Type org.example.Persona is not enhanced.

------------------------------------------------------------------------------------------------------------------------

[2023-05-10 08:34:39 #1 store] 
Database 'C:\Users\garci\OneDrive\Documentos\IdeaProjects\objectdb\objectdb\db\BBDD.odb' is opened by 12440@JMGN

[2023-05-10 08:34:39 #2 store] 
Configuration path: C:\Users\garci\OneDrive\Documentos\IdeaProjects\objectdb\objectdb.conf

[2023-05-10 08:34:39 #3 type] 
Type org.example.Vehiculo is not enhanced.

[2023-05-10 08:34:39 #4 type] 
Type org.example.Persona is not enhanced.

[2023-05-10 08:34:39 #5 store] 
Database 'C:\Users\garci\OneDrive\Documentos\IdeaProjects\objectdb\objectdb\db\BBDD.odb' is closed by 12440@JMGN

------------------------------------------------------------------------------------------------------------------------

[2023-05-10 08:35:01 #1 store] 
Database 'C:\Users\garci\OneDrive\Documentos\IdeaProjects\objectdb\objectdb\db\BBDD.odb' is opened by 3104@JMGN

[2023-05-10 08:35:01 #2 store] 
Configuration path: C:\Users\garci\OneDrive\Documentos\IdeaProjects\objectdb\objectdb.conf

[2023-05-10 08:35:01 #3 type] 
Type org.example.Vehiculo is not enhanced.

[2023-05-10 08:35:01 #4 type] 
Type org.example.Persona is not enhanced.

------------------------------------------------------------------------------------------------------------------------

[2023-05-10 08:35:05 #1 store] 
Database 'C:\Users\garci\OneDrive\Documentos\IdeaProjects\objectdb\objectdb\db\BBDD.odb' is opened by 9760@JMGN

[2023-05-10 08:35:05 #2 store] 
Configuration path: C:\Users\garci\OneDrive\Documentos\IdeaProjects\objectdb\objectdb.conf

[2023-05-10 08:35:05 #3 type] 
Type org.example.Vehiculo is not enhanced.

[2023-05-10 08:35:05 #4 type] 
Type org.example.Persona is not enhanced.

------------------------------------------------------------------------------------------------------------------------

[2023-05-10 08:35:45 #1 store] 
Database 'C:\Users\garci\OneDrive\Documentos\IdeaProjects\objectdb\objectdb\db\BBDD.odb' is opened by 7232@JMGN

[2023-05-10 08:35:45 #2 store] 
Configuration path: C:\Users\garci\OneDrive\Documentos\IdeaProjects\objectdb\objectdb.conf

[2023-05-10 08:35:45 #3 type] 
Type org.example.Vehiculo is not enhanced.

[2023-05-10 08:35:45 #4 type] 
Type org.example.Persona is not enhanced.

------------------------------------------------------------------------------------------------------------------------

[2023-05-10 08:36:17 #1 store] 
Database 'C:\Users\garci\OneDrive\Documentos\IdeaProjects\objectdb\objectdb\db\BBDD.odb' is opened by 11908@JMGN

[2023-05-10 08:36:17 #2 store] 
Configuration path: C:\Users\garci\OneDrive\Documentos\IdeaProjects\objectdb\objectdb.conf

[2023-05-10 08:36:17 #3 type] 
Type org.example.Vehiculo is not enhanced.

[2023-05-10 08:36:17 #4 type] 
Type org.example.Persona is not enhanced.

------------------------------------------------------------------------------------------------------------------------

[2023-05-10 08:36:49 #1 store] 
Database 'C:\Users\garci\OneDrive\Documentos\IdeaProjects\objectdb\objectdb\db\BBDD.odb' is opened by 17872@JMGN

[2023-05-10 08:36:49 #2 store] 
Configuration path: C:\Users\garci\OneDrive\Documentos\IdeaProjects\objectdb\objectdb.conf

[2023-05-10 08:36:49 #3 type] 
Type org.example.Vehiculo is not enhanced.

[2023-05-10 08:36:49 #4 type] 
Type org.example.Persona is not enhanced.

------------------------------------------------------------------------------------------------------------------------

[2023-05-10 08:37:16 #1 store] 
Database 'C:\Users\garci\OneDrive\Documentos\IdeaProjects\objectdb\objectdb\db\BBDD.odb' is opened by 18468@JMGN

[2023-05-10 08:37:16 #2 store] 
Configuration path: C:\Users\garci\OneDrive\Documentos\IdeaProjects\objectdb\objectdb.conf

[2023-05-10 08:37:17 #3 type] 
Type org.example.Vehiculo is not enhanced.

[2023-05-10 08:37:17 #4 type] 
Type org.example.Persona is not enhanced.

[2023-05-10 08:37:17 #5 store] 
Database 'C:\Users\garci\OneDrive\Documentos\IdeaProjects\objectdb\objectdb\db\BBDD.odb' is closed by 18468@JMGN

------------------------------------------------------------------------------------------------------------------------

[2023-05-10 08:38:17 #1 store] 
Database 'C:\Users\garci\OneDrive\Documentos\IdeaProjects\objectdb\objectdb\db\BBDD.odb' is opened by 12768@JMGN

[2023-05-10 08:38:17 #2 store] 
Configuration path: C:\Users\garci\OneDrive\Documentos\IdeaProjects\objectdb\objectdb.conf

[2023-05-10 08:38:17 #3 type] 
Type org.example.Vehiculo is not enhanced.

[2023-05-10 08:38:17 #4 type] 
Type org.example.Persona is not enhanced.

[2023-05-10 08:38:17 #5 store] 
Database 'C:\Users\garci\OneDrive\Documentos\IdeaProjects\objectdb\objectdb\db\BBDD.odb' is closed by 12768@JMGN

------------------------------------------------------------------------------------------------------------------------

[2023-05-10 08:40:51 #1 store] 
Database 'C:\Users\garci\OneDrive\Documentos\IdeaProjects\objectdb\db\BBDD.odb' is opened by 3008@JMGN

[2023-05-10 08:40:51 #2 store] 
Configuration path: C:\Users\garci\OneDrive\Documentos\IdeaProjects\objectdb\objectdb.conf

[2023-05-10 08:40:51 #3 type] 
Type org.example.Vehiculo is not enhanced.

[2023-05-10 08:40:51 #4 type] 
Type org.example.Persona is not enhanced.

[2023-05-10 08:40:51 #5 store] 
Database 'C:\Users\garci\OneDrive\Documentos\IdeaProjects\objectdb\db\BBDD.odb' is closed by 3008@JMGN

------------------------------------------------------------------------------------------------------------------------

[2023-05-10 08:42:58 #1 store] 
Database 'C:\Users\garci\OneDrive\Documentos\IdeaProjects\objectdb\db\BBDD.odb' is opened by 2108@JMGN

[2023-05-10 08:42:58 #2 store] 
Configuration path: C:\Users\garci\OneDrive\Documentos\IdeaProjects\objectdb\objectdb.conf

[2023-05-10 08:42:58 #3 type] 
Type org.example.Vehiculo is not enhanced.

[2023-05-10 08:42:58 #4 type] 
Type org.example.Persona is not enhanced.

------------------------------------------------------------------------------------------------------------------------

[2023-05-10 08:43:02 #1 store] 
Database 'C:\Users\garci\OneDrive\Documentos\IdeaProjects\objectdb\db\BBDD.odb' is opened by 6984@JMGN

[2023-05-10 08:43:02 #2 store] 
Configuration path: C:\Users\garci\OneDrive\Documentos\IdeaProjects\objectdb\objectdb.conf

[2023-05-10 08:43:02 #3 type] 
Type org.example.Vehiculo is not enhanced.

[2023-05-10 08:43:02 #4 type] 
Type org.example.Persona is not enhanced.

------------------------------------------------------------------------------------------------------------------------

[2023-05-10 08:43:10 #1 store] 
Database 'C:\Users\garci\OneDrive\Documentos\IdeaProjects\objectdb\objectdb\db\BBDD.odb' is opened by 14016@JMGN

[2023-05-10 08:43:10 #2 store] 
Configuration path: C:\Users\garci\OneDrive\Documentos\IdeaProjects\objectdb\objectdb.conf

[2023-05-10 08:43:10 #3 type] 
Type org.example.Vehiculo is not enhanced.

[2023-05-10 08:43:10 #4 type] 
Type org.example.Persona is not enhanced.

[2023-05-10 08:43:10 #5 store] 
Database 'C:\Users\garci\OneDrive\Documentos\IdeaProjects\objectdb\objectdb\db\BBDD.odb' is closed by 14016@JMGN

------------------------------------------------------------------------------------------------------------------------

[2023-05-10 08:45:14 #1 store] 
Database 'C:\Users\garci\OneDrive\Documentos\IdeaProjects\objectdb\db\BBDD.odb' is opened by 15592@JMGN

[2023-05-10 08:45:14 #2 store] 
Configuration path: C:\Users\garci\OneDrive\Documentos\IdeaProjects\objectdb\objectdb.conf

[2023-05-10 08:45:14 #3 type] 
Type org.example.Vehiculo is not enhanced.

[2023-05-10 08:45:14 #4 type] 
Type org.example.Persona is not enhanced.

------------------------------------------------------------------------------------------------------------------------

[2023-05-10 08:46:35 #1 store] 
Database 'C:\Users\garci\OneDrive\Documentos\IdeaProjects\objectdb\db\BBDD.odb' is opened by 14740@JMGN

[2023-05-10 08:46:35 #2 store] 
Configuration path: C:\Users\garci\OneDrive\Documentos\IdeaProjects\objectdb\objectdb.conf

[2023-05-10 08:46:35 #3 type] 
Type org.example.Vehiculo is not enhanced.

[2023-05-10 08:46:35 #4 type] 
Type org.example.Persona is not enhanced.

[2023-05-10 08:46:35 #5 store] 
Database 'C:\Users\garci\OneDrive\Documentos\IdeaProjects\objectdb\db\BBDD.odb' is closed by 14740@JMGN

------------------------------------------------------------------------------------------------------------------------

[2023-05-10 08:48:40 #1 store] 
Database 'C:\Users\garci\OneDrive\Documentos\IdeaProjects\objectdb\db\BBDD.odb' is opened by 3292@JMGN

[2023-05-10 08:48:40 #2 store] 
Configuration path: C:\Users\garci\OneDrive\Documentos\IdeaProjects\objectdb\objectdb.conf

[2023-05-10 08:48:40 #3 type] 
Type org.example.Vehiculo is not enhanced.

[2023-05-10 08:48:40 #4 type] 
Type org.example.Persona is not enhanced.

[2023-05-10 08:48:40 #5 store] 
Database 'C:\Users\garci\OneDrive\Documentos\IdeaProjects\objectdb\db\BBDD.odb' is closed by 3292@JMGN

------------------------------------------------------------------------------------------------------------------------

[2023-05-10 10:04:45 #1 store] 
Database 'C:\Users\garci\OneDrive\Documentos\IdeaProjects\objectdb\db\BBDD.odb' is opened by 15920@JMGN

[2023-05-10 10:04:45 #2 store] 
Configuration path: C:\Users\garci\OneDrive\Documentos\IdeaProjects\objectdb\objectdb.conf

[2023-05-10 10:04:45 #3 type] 
Type org.example.Vehiculo is not enhanced.

[2023-05-10 10:04:45 #4 type] 
Type org.example.Persona is not enhanced.

------------------------------------------------------------------------------------------------------------------------

[2023-05-10 10:06:47 #1 store] 
Database 'C:\Users\garci\OneDrive\Documentos\IdeaProjects\objectdb\db\BBDD.odb' is opened by 4940@JMGN

[2023-05-10 10:06:47 #2 store] 
Configuration path: C:\Users\garci\OneDrive\Documentos\IdeaProjects\objectdb\objectdb.conf

[2023-05-10 10:15:12 #3 store] 
Database 'C:\Users\garci\OneDrive\Documentos\IdeaProjects\objectdb\db\BBDD.odb' is closed by 4940@JMGN

------------------------------------------------------------------------------------------------------------------------

[2023-05-10 10:15:55 #1 store] 
Database 'C:\Users\garci\OneDrive\Documentos\IdeaProjects\objectdb\db\BBDD.odb' is opened by 11000@JMGN

[2023-05-10 10:15:55 #2 store] 
Configuration path: C:\Users\garci\OneDrive\Documentos\IdeaProjects\objectdb\objectdb.conf

[2023-05-10 10:15:55 #3 type] 
Type org.example.Vehiculo is not enhanced.

[2023-05-10 10:15:55 #4 type] 
Type org.example.Persona is not enhanced.

[2023-05-10 10:15:55 #5 store] 
Database 'C:\Users\garci\OneDrive\Documentos\IdeaProjects\objectdb\db\BBDD.odb' is closed by 11000@JMGN

------------------------------------------------------------------------------------------------------------------------

[2023-05-10 10:16:10 #1 store] 
Database 'C:\Users\garci\OneDrive\Documentos\IdeaProjects\objectdb\db\BBDD.odb' is opened by 7804@JMGN

[2023-05-10 10:16:10 #2 store] 
Configuration path: C:\Users\garci\OneDrive\Documentos\IdeaProjects\objectdb\objectdb.conf

[2023-05-10 10:16:10 #3 type] 
Type org.example.Vehiculo is not enhanced.

[2023-05-10 10:16:10 #4 type] 
Type org.example.Persona is not enhanced.

[2023-05-10 10:16:10 #5 store] 
Database 'C:\Users\garci\OneDrive\Documentos\IdeaProjects\objectdb\db\BBDD.odb' is closed by 7804@JMGN

------------------------------------------------------------------------------------------------------------------------

[2023-05-10 10:16:22 #1 store] 
Database 'C:\Users\garci\OneDrive\Documentos\IdeaProjects\objectdb\db\BBDD.odb' is opened by 7716@JMGN

[2023-05-10 10:16:22 #2 store] 
Configuration path: C:\Users\garci\OneDrive\Documentos\IdeaProjects\objectdb\objectdb.conf

[2023-05-10 10:16:22 #3 type] 
Type org.example.Vehiculo is not enhanced.

[2023-05-10 10:16:22 #4 type] 
Type org.example.Persona is not enhanced.

[2023-05-10 10:16:22 #5 store] 
Database 'C:\Users\garci\OneDrive\Documentos\IdeaProjects\objectdb\db\BBDD.odb' is closed by 7716@JMGN

------------------------------------------------------------------------------------------------------------------------

[2023-05-10 10:16:28 #1 store] 
Database 'C:\Users\garci\OneDrive\Documentos\IdeaProjects\objectdb\db\BBDD.odb' is opened by 15216@JMGN

[2023-05-10 10:16:28 #2 store] 
Configuration path: C:\Users\garci\OneDrive\Documentos\IdeaProjects\objectdb\objectdb.conf

[2023-05-10 10:16:28 #3 type] 
Type org.example.Vehiculo is not enhanced.

[2023-05-10 10:16:28 #4 type] 
Type org.example.Persona is not enhanced.

[2023-05-10 10:16:28 #5 store] 
Database 'C:\Users\garci\OneDrive\Documentos\IdeaProjects\objectdb\db\BBDD.odb' is closed by 15216@JMGN

------------------------------------------------------------------------------------------------------------------------

[2023-05-10 10:16:34 #1 store] 
Database 'C:\Users\garci\OneDrive\Documentos\IdeaProjects\objectdb\db\BBDD.odb' is opened by 5244@JMGN

[2023-05-10 10:16:34 #2 store] 
Configuration path: C:\Users\garci\OneDrive\Documentos\IdeaProjects\objectdb\objectdb.conf

[2023-05-10 10:16:34 #3 type] 
Type org.example.Vehiculo is not enhanced.

[2023-05-10 10:16:34 #4 type] 
Type org.example.Persona is not enhanced.

[2023-05-10 10:16:34 #5 store] 
Database 'C:\Users\garci\OneDrive\Documentos\IdeaProjects\objectdb\db\BBDD.odb' is closed by 5244@JMGN

------------------------------------------------------------------------------------------------------------------------

[2023-05-10 10:17:04 #1 store] 
Database 'C:\Users\garci\OneDrive\Documentos\IdeaProjects\objectdb\db\BBDD.odb' is opened by 3692@JMGN

[2023-05-10 10:17:04 #2 store] 
Configuration path: C:\Users\garci\OneDrive\Documentos\IdeaProjects\objectdb\objectdb.conf

[2023-05-10 10:19:28 #3 store] 
Database 'C:\Users\garci\OneDrive\Documentos\IdeaProjects\objectdb\db\BBDD.odb' is closed by 3692@JMGN

